2022-03-14 10:40:28.282  INFO 8800 --- [main] lavalink.server.Launcher                 : 

[32m       .  [31m _                  _ _       _    [32m__ _ _
[32m      /\\ [31m| | __ ___   ____ _| (_)_ __ | | __[32m\ \ \ \
[32m     ( ( )[31m| |/ _` \ \ / / _` | | | '_ \| |/ /[32m \ \ \ \
[32m      \\/ [31m| | (_| |\ V / (_| | | | | | |   < [32m  ) ) ) )
[32m       '  [31m|_|\__,_| \_/ \__,_|_|_|_| |_|_|\_\[32m / / / /
[0m    =========================================[32m/_/_/_/[0m

	Version:        3.3.2.5
	Build:          1222
	Build time:     11.04.2021 08:07:27 UTC
	Branch          master
	Commit:         7b914f2
	Commit time:    09.04.2021 17:14:27 UTC
	JVM:            17.0.2
	Lavaplayer      1.3.76

2022-03-14 10:40:28.470  INFO 8800 --- [main] lavalink.server.Launcher                 : Starting Launcher on 5CD023270Q with PID 8800 (C:\Users\william.modig\Desktop\DiscordBot\lavalink\Lavalink.jar started by william.modig in C:\Users\william.modig\Desktop\DiscordBot\lavalink)
2022-03-14 10:40:28.471  INFO 8800 --- [main] lavalink.server.Launcher                 : No active profile set, falling back to default profiles: default
2022-03-14 10:40:28.627  WARN 8800 --- [background-preinit] o.s.h.c.j.Jackson2ObjectMapperBuilder    : For Jackson Kotlin classes support please add "com.fasterxml.jackson.module:jackson-module-kotlin" to the classpath
2022-03-14 10:40:30.434  WARN 8800 --- [main] io.undertow.websockets.jsr               : UT026010: Buffer pool was not set on WebSocketDeploymentInfo, the default pool will be used
2022-03-14 10:40:30.482  INFO 8800 --- [main] io.undertow.servlet                      : Initializing Spring embedded WebApplicationContext
2022-03-14 10:40:30.483  INFO 8800 --- [main] o.s.web.context.ContextLoader            : Root WebApplicationContext: initialization completed in 1910 ms
2022-03-14 10:40:31.042  WARN 8800 --- [main] l.server.config.SentryConfiguration      : Turning off sentry
2022-03-14 10:40:31.497  INFO 8800 --- [main] c.s.d.l.tools.GarbageCollectionMonitor   : GC monitoring enabled, reporting results every 2 minutes.
2022-03-14 10:40:31.859  INFO 8800 --- [main] lavalink.server.config.KoeConfiguration  : OS: Windows 10, Arch: amd64
2022-03-14 10:40:31.860  WARN 8800 --- [main] lavalink.server.config.KoeConfiguration  : This system and architecture appears to not support native audio sending! GC pauses may cause your bot to stutter during playback.
2022-03-14 10:40:32.337  INFO 8800 --- [main] o.s.s.concurrent.ThreadPoolTaskExecutor  : Initializing ExecutorService 'applicationTaskExecutor'
2022-03-14 10:40:32.969  INFO 8800 --- [main] org.xnio                                 : XNIO version 3.3.8.Final
2022-03-14 10:40:32.984  INFO 8800 --- [main] org.xnio.nio                             : XNIO NIO Implementation Version 3.3.8.Final
2022-03-14 10:40:33.135  INFO 8800 --- [main] o.s.b.w.e.u.UndertowServletWebServer     : Undertow started on port(s) 2333 (http) with context path ''
2022-03-14 10:40:33.144  INFO 8800 --- [main] lavalink.server.Launcher                 : Started Launcher in 5.721 seconds (JVM running for 6.728)
2022-03-14 10:40:33.148  INFO 8800 --- [main] lavalink.server.Launcher                 : You can safely ignore the big red warning about illegal reflection. See https://github.com/Frederikam/Lavalink/issues/295
